<?xml version="1.0" encoding="UTF-8"?>
<testng-results ignored="0" total="17" passed="15" failed="2" skipped="0">
  <reporter-output>
  </reporter-output>
  <suite started-at="2026-01-20T15:37:30 IST" name="WindowsFrames Suite" finished-at="2026-01-20T15:38:06 IST" duration-ms="35336">
    <groups>
      <group name="logout">
        <method signature="TestNGBasicsDemo.testLogout()[pri:4, instance:TestNGBasicsDemo@55183b20]" name="testLogout" class="TestNGBasicsDemo"/>
      </group> <!-- logout -->
      <group name="search">
        <method signature="TestNGBasicsDemo.testSearch()[pri:3, instance:TestNGBasicsDemo@55183b20]" name="testSearch" class="TestNGBasicsDemo"/>
      </group> <!-- search -->
      <group name="regression">
        <method signature="TestNGBasicsDemo.testSoftAssertions()[pri:2, instance:TestNGBasicsDemo@55183b20]" name="testSoftAssertions" class="TestNGBasicsDemo"/>
      </group> <!-- regression -->
      <group name="smoke">
        <method signature="DependencyTest.openBrowser()[pri:0, instance:dependencies.DependencyTest@67c27493]" name="openBrowser" class="dependencies.DependencyTest"/>
      </group> <!-- smoke -->
      <group name="login">
        <method signature="TestNGBasicsDemo.testLoginHardAssert()[pri:1, instance:TestNGBasicsDemo@55183b20]" name="testLoginHardAssert" class="TestNGBasicsDemo"/>
      </group> <!-- login -->
    </groups>
    <test started-at="2026-01-20T15:37:30 IST" name="All Selenium Tests" finished-at="2026-01-20T15:38:06 IST" duration-ms="35336">
      <class name="TestNGBasicsDemo">
        <test-method is-config="true" signature="beforeSuite()[pri:0, instance:TestNGBasicsDemo@55183b20]" started-at="2026-01-20T15:37:30 IST" name="beforeSuite" finished-at="2026-01-20T15:37:30 IST" duration-ms="18" status="PASS">
          <reporter-output>
          </reporter-output>
        </test-method> <!-- beforeSuite -->
        <test-method is-config="true" signature="beforeTest()[pri:0, instance:TestNGBasicsDemo@55183b20]" started-at="2026-01-20T15:37:31 IST" name="beforeTest" finished-at="2026-01-20T15:37:31 IST" duration-ms="0" status="PASS">
          <reporter-output>
          </reporter-output>
        </test-method> <!-- beforeTest -->
        <test-method is-config="true" signature="beforeClass()[pri:0, instance:TestNGBasicsDemo@55183b20]" started-at="2026-01-20T15:38:06 IST" name="beforeClass" finished-at="2026-01-20T15:38:06 IST" duration-ms="1" status="PASS">
          <reporter-output>
          </reporter-output>
        </test-method> <!-- beforeClass -->
        <test-method signature="testLoginHardAssert()[pri:1, instance:TestNGBasicsDemo@55183b20]" started-at="2026-01-20T15:38:06 IST" name="testLoginHardAssert" finished-at="2026-01-20T15:38:06 IST" duration-ms="0" status="PASS">
          <reporter-output>
          </reporter-output>
        </test-method> <!-- testLoginHardAssert -->
        <test-method is-config="true" signature="beforeMethod()[pri:0, instance:TestNGBasicsDemo@55183b20]" started-at="2026-01-20T15:38:06 IST" name="beforeMethod" finished-at="2026-01-20T15:38:06 IST" duration-ms="0" status="PASS">
          <reporter-output>
          </reporter-output>
        </test-method> <!-- beforeMethod -->
        <test-method is-config="true" signature="afterMethod()[pri:0, instance:TestNGBasicsDemo@55183b20]" started-at="2026-01-20T15:38:06 IST" name="afterMethod" finished-at="2026-01-20T15:38:06 IST" duration-ms="0" status="PASS">
          <reporter-output>
          </reporter-output>
        </test-method> <!-- afterMethod -->
        <test-method is-config="true" signature="beforeMethod()[pri:0, instance:TestNGBasicsDemo@55183b20]" started-at="2026-01-20T15:38:06 IST" name="beforeMethod" finished-at="2026-01-20T15:38:06 IST" duration-ms="1" status="PASS">
          <reporter-output>
          </reporter-output>
        </test-method> <!-- beforeMethod -->
        <test-method signature="testSoftAssertions()[pri:2, instance:TestNGBasicsDemo@55183b20]" started-at="2026-01-20T15:38:06 IST" name="testSoftAssertions" finished-at="2026-01-20T15:38:06 IST" duration-ms="14" status="FAIL">
          <exception class="java.lang.AssertionError">
            <message>
              <![CDATA[The following asserts failed:
String mismatch! expected [Hi] but found [Hello],
Condition is false! expected [true] but found [false],
Values not equal! expected [20] but found [10]]]>
            </message>
            <full-stacktrace>
              <![CDATA[java.lang.AssertionError: The following asserts failed:
String mismatch! expected [Hi] but found [Hello],
Condition is false! expected [true] but found [false],
Values not equal! expected [20] but found [10]
at org.testng.asserts.SoftAssert.assertAll(SoftAssert.java:46)
at org.testng.asserts.SoftAssert.assertAll(SoftAssert.java:30)
at TestNGBasicsDemo.testSoftAssertions(TestNGBasicsDemo.java:87)
at java.base/jdk.internal.reflect.NativeMethodAccessorImpl.invoke0(Native Method)
at java.base/jdk.internal.reflect.NativeMethodAccessorImpl.invoke(NativeMethodAccessorImpl.java:77)
at java.base/jdk.internal.reflect.DelegatingMethodAccessorImpl.invoke(DelegatingMethodAccessorImpl.java:43)
at java.base/java.lang.reflect.Method.invoke(Method.java:569)
at org.testng.internal.invokers.MethodInvocationHelper.invokeMethod(MethodInvocationHelper.java:139)
at org.testng.internal.invokers.TestInvoker.invokeMethod(TestInvoker.java:664)
at org.testng.internal.invokers.TestInvoker.invokeTestMethod(TestInvoker.java:228)
at org.testng.internal.invokers.MethodRunner.runInSequence(MethodRunner.java:63)
at org.testng.internal.invokers.TestInvoker$MethodInvocationAgent.invoke(TestInvoker.java:961)
at org.testng.internal.invokers.TestInvoker.invokeTestMethods(TestInvoker.java:201)
at org.testng.internal.invokers.TestMethodWorker.invokeTestMethods(TestMethodWorker.java:148)
at org.testng.internal.invokers.TestMethodWorker.run(TestMethodWorker.java:128)
at java.base/java.util.ArrayList.forEach(ArrayList.java:1511)
at org.testng.TestRunner.privateRun(TestRunner.java:819)
at org.testng.TestRunner.run(TestRunner.java:619)
at org.testng.SuiteRunner.runTest(SuiteRunner.java:443)
at org.testng.SuiteRunner.runSequentially(SuiteRunner.java:437)
at org.testng.SuiteRunner.privateRun(SuiteRunner.java:397)
at org.testng.SuiteRunner.run(SuiteRunner.java:336)
at org.testng.SuiteRunnerWorker.runSuite(SuiteRunnerWorker.java:52)
at org.testng.SuiteRunnerWorker.run(SuiteRunnerWorker.java:95)
at org.testng.TestNG.runSuitesSequentially(TestNG.java:1301)
at org.testng.TestNG.runSuitesLocally(TestNG.java:1228)
at org.testng.TestNG.runSuites(TestNG.java:1134)
at org.testng.TestNG.run(TestNG.java:1101)
at org.apache.maven.surefire.testng.TestNGExecutor.run(TestNGExecutor.java:308)
at org.apache.maven.surefire.testng.TestNGXmlTestSuite.execute(TestNGXmlTestSuite.java:71)
at org.apache.maven.surefire.testng.TestNGProvider.invoke(TestNGProvider.java:113)
at org.apache.maven.surefire.booter.ForkedBooter.runSuitesInProcess(ForkedBooter.java:385)
at org.apache.maven.surefire.booter.ForkedBooter.execute(ForkedBooter.java:162)
at org.apache.maven.surefire.booter.ForkedBooter.run(ForkedBooter.java:507)
at org.apache.maven.surefire.booter.ForkedBooter.main(ForkedBooter.java:495)
]]>
            </full-stacktrace>
          </exception> <!-- java.lang.AssertionError -->
          <reporter-output>
          </reporter-output>
        </test-method> <!-- testSoftAssertions -->
        <test-method is-config="true" signature="afterMethod()[pri:0, instance:TestNGBasicsDemo@55183b20]" started-at="2026-01-20T15:38:06 IST" name="afterMethod" finished-at="2026-01-20T15:38:06 IST" duration-ms="1" status="PASS">
          <reporter-output>
          </reporter-output>
        </test-method> <!-- afterMethod -->
        <test-method is-config="true" signature="beforeMethod()[pri:0, instance:TestNGBasicsDemo@55183b20]" started-at="2026-01-20T15:38:06 IST" name="beforeMethod" finished-at="2026-01-20T15:38:06 IST" duration-ms="1" status="PASS">
          <reporter-output>
          </reporter-output>
        </test-method> <!-- beforeMethod -->
        <test-method signature="testSearch()[pri:3, instance:TestNGBasicsDemo@55183b20]" started-at="2026-01-20T15:38:06 IST" name="testSearch" finished-at="2026-01-20T15:38:06 IST" duration-ms="0" status="PASS">
          <reporter-output>
          </reporter-output>
        </test-method> <!-- testSearch -->
        <test-method is-config="true" signature="afterMethod()[pri:0, instance:TestNGBasicsDemo@55183b20]" started-at="2026-01-20T15:38:06 IST" name="afterMethod" finished-at="2026-01-20T15:38:06 IST" duration-ms="1" status="PASS">
          <reporter-output>
          </reporter-output>
        </test-method> <!-- afterMethod -->
        <test-method is-config="true" signature="beforeMethod()[pri:0, instance:TestNGBasicsDemo@55183b20]" started-at="2026-01-20T15:38:06 IST" name="beforeMethod" finished-at="2026-01-20T15:38:06 IST" duration-ms="0" status="PASS">
          <reporter-output>
          </reporter-output>
        </test-method> <!-- beforeMethod -->
        <test-method signature="testLogout()[pri:4, instance:TestNGBasicsDemo@55183b20]" started-at="2026-01-20T15:38:06 IST" name="testLogout" finished-at="2026-01-20T15:38:06 IST" duration-ms="1" status="PASS">
          <reporter-output>
          </reporter-output>
        </test-method> <!-- testLogout -->
        <test-method is-config="true" signature="afterMethod()[pri:0, instance:TestNGBasicsDemo@55183b20]" started-at="2026-01-20T15:38:06 IST" name="afterMethod" finished-at="2026-01-20T15:38:06 IST" duration-ms="0" status="PASS">
          <reporter-output>
          </reporter-output>
        </test-method> <!-- afterMethod -->
        <test-method is-config="true" signature="afterClass()[pri:0, instance:TestNGBasicsDemo@55183b20]" started-at="2026-01-20T15:38:06 IST" name="afterClass" finished-at="2026-01-20T15:38:06 IST" duration-ms="0" status="PASS">
          <reporter-output>
          </reporter-output>
        </test-method> <!-- afterClass -->
        <test-method is-config="true" signature="afterTest()[pri:0, instance:TestNGBasicsDemo@55183b20]" started-at="2026-01-20T15:38:06 IST" name="afterTest" finished-at="2026-01-20T15:38:06 IST" duration-ms="0" status="PASS">
          <reporter-output>
          </reporter-output>
        </test-method> <!-- afterTest -->
        <test-method is-config="true" signature="afterSuite()[pri:0, instance:TestNGBasicsDemo@55183b20]" started-at="2026-01-20T15:38:06 IST" name="afterSuite" finished-at="2026-01-20T15:38:06 IST" duration-ms="0" status="PASS">
          <reporter-output>
          </reporter-output>
        </test-method> <!-- afterSuite -->
      </class> <!-- TestNGBasicsDemo -->
      <class name="tests.WindowsAndFramesTest">
        <test-method is-config="true" signature="setup()[pri:0, instance:tests.WindowsAndFramesTest@72967906]" started-at="2026-01-20T15:37:31 IST" name="setup" finished-at="2026-01-20T15:37:33 IST" duration-ms="2554" status="PASS">
          <reporter-output>
          </reporter-output>
        </test-method> <!-- setup -->
        <test-method signature="test1_windowHandling()[pri:0, instance:tests.WindowsAndFramesTest@72967906]" started-at="2026-01-20T15:37:33 IST" name="test1_windowHandling" finished-at="2026-01-20T15:37:41 IST" duration-ms="7506" status="PASS">
          <reporter-output>
          </reporter-output>
        </test-method> <!-- test1_windowHandling -->
        <test-method signature="test3_iframeByName()[pri:0, instance:tests.WindowsAndFramesTest@72967906]" started-at="2026-01-20T15:37:41 IST" name="test3_iframeByName" finished-at="2026-01-20T15:37:43 IST" duration-ms="2348" status="PASS">
          <reporter-output>
          </reporter-output>
        </test-method> <!-- test3_iframeByName -->
        <test-method signature="test4_iframeByWebElement()[pri:0, instance:tests.WindowsAndFramesTest@72967906]" started-at="2026-01-20T15:37:43 IST" name="test4_iframeByWebElement" finished-at="2026-01-20T15:37:46 IST" duration-ms="2526" status="PASS">
          <reporter-output>
          </reporter-output>
        </test-method> <!-- test4_iframeByWebElement -->
        <test-method signature="test_frame_by_index()[pri:0, instance:tests.WindowsAndFramesTest@72967906]" started-at="2026-01-20T15:38:01 IST" name="test_frame_by_index" finished-at="2026-01-20T15:38:05 IST" duration-ms="4058" status="PASS">
          <reporter-output>
          </reporter-output>
        </test-method> <!-- test_frame_by_index -->
        <test-method is-config="true" signature="tearDown()[pri:0, instance:tests.WindowsAndFramesTest@72967906]" started-at="2026-01-20T15:38:05 IST" name="tearDown" finished-at="2026-01-20T15:38:06 IST" duration-ms="351" status="PASS">
          <reporter-output>
          </reporter-output>
        </test-method> <!-- tearDown -->
      </class> <!-- tests.WindowsAndFramesTest -->
      <class name="seleniumTestNG.SeleniumIntegrationTest">
        <test-method is-config="true" signature="setUp()[pri:0, instance:seleniumTestNG.SeleniumIntegrationTest@1aa7ecca]" started-at="2026-01-20T15:37:57 IST" name="setUp" finished-at="2026-01-20T15:37:58 IST" duration-ms="929" status="PASS">
          <reporter-output>
          </reporter-output>
        </test-method> <!-- setUp -->
        <test-method signature="testGoogleTitle()[pri:0, instance:seleniumTestNG.SeleniumIntegrationTest@1aa7ecca]" started-at="2026-01-20T15:37:58 IST" name="testGoogleTitle" finished-at="2026-01-20T15:37:59 IST" duration-ms="682" status="PASS">
          <reporter-output>
          </reporter-output>
        </test-method> <!-- testGoogleTitle -->
        <test-method is-config="true" signature="tearDown()[pri:0, instance:seleniumTestNG.SeleniumIntegrationTest@1aa7ecca]" started-at="2026-01-20T15:37:59 IST" name="tearDown" finished-at="2026-01-20T15:37:59 IST" duration-ms="643" status="PASS">
          <reporter-output>
          </reporter-output>
        </test-method> <!-- tearDown -->
        <test-method is-config="true" signature="setUp()[pri:0, instance:seleniumTestNG.SeleniumIntegrationTest@1aa7ecca]" started-at="2026-01-20T15:37:59 IST" name="setUp" finished-at="2026-01-20T15:38:00 IST" duration-ms="707" status="PASS">
          <reporter-output>
          </reporter-output>
        </test-method> <!-- setUp -->
        <test-method signature="testGoogleURL()[pri:0, instance:seleniumTestNG.SeleniumIntegrationTest@1aa7ecca]" started-at="2026-01-20T15:38:00 IST" name="testGoogleURL" finished-at="2026-01-20T15:38:01 IST" duration-ms="666" status="PASS">
          <reporter-output>
          </reporter-output>
        </test-method> <!-- testGoogleURL -->
        <test-method is-config="true" signature="tearDown()[pri:0, instance:seleniumTestNG.SeleniumIntegrationTest@1aa7ecca]" started-at="2026-01-20T15:38:01 IST" name="tearDown" finished-at="2026-01-20T15:38:01 IST" duration-ms="745" status="PASS">
          <reporter-output>
          </reporter-output>
        </test-method> <!-- tearDown -->
      </class> <!-- seleniumTestNG.SeleniumIntegrationTest -->
      <class name="dependencies.DependencyTest">
        <test-method signature="loginTest()[pri:0, instance:dependencies.DependencyTest@67c27493]" started-at="2026-01-20T15:37:31 IST" name="loginTest" finished-at="2026-01-20T15:37:31 IST" duration-ms="5" status="PASS">
          <reporter-output>
          </reporter-output>
        </test-method> <!-- loginTest -->
        <test-method signature="cleanupTest()[pri:0, instance:dependencies.DependencyTest@67c27493]" started-at="2026-01-20T15:37:31 IST" name="cleanupTest" finished-at="2026-01-20T15:37:31 IST" depends-on-methods="dependencies.DependencyTest.loginTest" duration-ms="0" status="PASS">
          <reporter-output>
          </reporter-output>
        </test-method> <!-- cleanupTest -->
        <test-method signature="dashboardTest()[pri:0, instance:dependencies.DependencyTest@67c27493]" started-at="2026-01-20T15:37:31 IST" name="dashboardTest" finished-at="2026-01-20T15:37:31 IST" depends-on-methods="dependencies.DependencyTest.loginTest" duration-ms="0" status="PASS">
          <reporter-output>
          </reporter-output>
        </test-method> <!-- dashboardTest -->
        <test-method signature="openBrowser()[pri:0, instance:dependencies.DependencyTest@67c27493]" started-at="2026-01-20T15:37:31 IST" name="openBrowser" finished-at="2026-01-20T15:37:31 IST" duration-ms="0" status="PASS">
          <reporter-output>
          </reporter-output>
        </test-method> <!-- openBrowser -->
        <test-method signature="runAfterSmokeGroup()[pri:0, instance:dependencies.DependencyTest@67c27493]" started-at="2026-01-20T15:37:31 IST" name="runAfterSmokeGroup" depends-on-groups="smoke" finished-at="2026-01-20T15:37:31 IST" duration-ms="2" status="PASS">
          <reporter-output>
          </reporter-output>
        </test-method> <!-- runAfterSmokeGroup -->
      </class> <!-- dependencies.DependencyTest -->
      <class name="tests.DynamicElementsRealWebsiteTest">
        <test-method is-config="true" signature="setup()[pri:0, instance:tests.DynamicElementsRealWebsiteTest@1a482e36]" started-at="2026-01-20T15:37:46 IST" name="setup" finished-at="2026-01-20T15:37:48 IST" duration-ms="2189" status="PASS">
          <reporter-output>
          </reporter-output>
        </test-method> <!-- setup -->
        <test-method signature="testDynamicElements()[pri:0, instance:tests.DynamicElementsRealWebsiteTest@1a482e36]" started-at="2026-01-20T15:37:48 IST" name="testDynamicElements" finished-at="2026-01-20T15:37:57 IST" duration-ms="9010" status="PASS">
          <reporter-output>
          </reporter-output>
        </test-method> <!-- testDynamicElements -->
        <test-method is-config="true" signature="teardown()[pri:0, instance:tests.DynamicElementsRealWebsiteTest@1a482e36]" started-at="2026-01-20T15:37:57 IST" name="teardown" finished-at="2026-01-20T15:37:57 IST" duration-ms="271" status="PASS">
          <reporter-output>
          </reporter-output>
        </test-method> <!-- teardown -->
      </class> <!-- tests.DynamicElementsRealWebsiteTest -->
      <class name="datadriven.ExcelDataTest">
        <test-method signature="excelTest(java.lang.String,java.lang.String)[pri:0, instance:datadriven.ExcelDataTest@1b7cc17c]" started-at="2026-01-20T15:37:31 IST" name="excelTest" data-provider="excelData" finished-at="2026-01-20T15:37:31 IST" duration-ms="0" status="FAIL">
          <exception class="org.testng.TestNGException">
            <message>
              <![CDATA[
Data Provider public java.lang.Object[][] datadriven.ExcelDataTest.excelDataProvider() returned a null value]]>
            </message>
            <full-stacktrace>
              <![CDATA[org.testng.TestNGException: 
Data Provider public java.lang.Object[][] datadriven.ExcelDataTest.excelDataProvider() returned a null value
at org.testng.internal.invokers.MethodInvocationHelper.invokeDataProvider(MethodInvocationHelper.java:159)
at org.testng.internal.Parameters.handleParameters(Parameters.java:812)
at org.testng.internal.Parameters.handleParameters(Parameters.java:737)
at org.testng.internal.invokers.ParameterHandler.handleParameters(ParameterHandler.java:72)
at org.testng.internal.invokers.ParameterHandler.createParameters(ParameterHandler.java:51)
at org.testng.internal.invokers.TestInvoker$MethodInvocationAgent.invoke(TestInvoker.java:915)
at org.testng.internal.invokers.TestInvoker.invokeTestMethods(TestInvoker.java:201)
at org.testng.internal.invokers.TestMethodWorker.invokeTestMethods(TestMethodWorker.java:148)
at org.testng.internal.invokers.TestMethodWorker.run(TestMethodWorker.java:128)
at java.base/java.util.ArrayList.forEach(ArrayList.java:1511)
at org.testng.TestRunner.privateRun(TestRunner.java:819)
at org.testng.TestRunner.run(TestRunner.java:619)
at org.testng.SuiteRunner.runTest(SuiteRunner.java:443)
at org.testng.SuiteRunner.runSequentially(SuiteRunner.java:437)
at org.testng.SuiteRunner.privateRun(SuiteRunner.java:397)
at org.testng.SuiteRunner.run(SuiteRunner.java:336)
at org.testng.SuiteRunnerWorker.runSuite(SuiteRunnerWorker.java:52)
at org.testng.SuiteRunnerWorker.run(SuiteRunnerWorker.java:95)
at org.testng.TestNG.runSuitesSequentially(TestNG.java:1301)
at org.testng.TestNG.runSuitesLocally(TestNG.java:1228)
at org.testng.TestNG.runSuites(TestNG.java:1134)
at org.testng.TestNG.run(TestNG.java:1101)
at org.apache.maven.surefire.testng.TestNGExecutor.run(TestNGExecutor.java:308)
at org.apache.maven.surefire.testng.TestNGXmlTestSuite.execute(TestNGXmlTestSuite.java:71)
at org.apache.maven.surefire.testng.TestNGProvider.invoke(TestNGProvider.java:113)
at org.apache.maven.surefire.booter.ForkedBooter.runSuitesInProcess(ForkedBooter.java:385)
at org.apache.maven.surefire.booter.ForkedBooter.execute(ForkedBooter.java:162)
at org.apache.maven.surefire.booter.ForkedBooter.run(ForkedBooter.java:507)
at org.apache.maven.surefire.booter.ForkedBooter.main(ForkedBooter.java:495)
]]>
            </full-stacktrace>
          </exception> <!-- org.testng.TestNGException -->
          <reporter-output>
          </reporter-output>
        </test-method> <!-- excelTest -->
      </class> <!-- datadriven.ExcelDataTest -->
    </test> <!-- All Selenium Tests -->
  </suite> <!-- WindowsFrames Suite -->
</testng-results>
